<?xml version="1.0" encoding="UTF-8"?>
<!-- Generated by org.testng.reporters.JUnitReportReporter -->
<testsuite hostname="DESKTOP-GI1L974" failures="0" tests="3" name="com.weborder.tests.Smoketest" time="30.784" errors="0" timestamp="07 Apr 2020 20:40:31 GMT" skipped="0">
  <testcase classname="com.weborder.tests.Smoketest" name="smokeTest" time="10.727"/>
  <testcase classname="com.weborder.tests.Smoketest" name="smokeTest" time="10.698"/>
  <testcase classname="com.weborder.tests.Smoketest" name="smokeTest" time="9.359"/>
</testsuite> <!-- com.weborder.tests.Smoketest -->
